{"name": "NonCom - Test page_title", "status": "failed", "statusDetails": {"message": "AssertionError: assert False", "trace": "self = <testCases.test_UserLogin.Test_Login object at 0x000002766182AD10>\nsetup = <selenium.webdriver.firefox.webdriver.WebDriver (session=\"a0a67f9d-9220-464a-9265-0398134853b7\")>\n\n    @allure.feature('page_title')\n    @allure.story('Verifying the page title')\n    @allure.issue('ABC-123')\n    @allure.link(' https://admin-demo.nopcommerce.com/',name='Orange HRM Website')\n    @allure.title('NonCom - Test page_title')\n    @allure.description('My test description')\n    @allure.link('https://www.example.com')\n    @allure.severity(allure.severity_level.CRITICAL)\n    @pytest.mark.sanity\n    def test_verify_url_001(self, setup):\n        self.log.info(\"Test_case test_verify_url_001 is started\")\n        self.driver = setup\n        self.log.info(\"Opening browser and navigating to demo_nop_com\")\n        self.log.info(\"Page Title is --> \" + self.driver.title)\n        #print(self.driver.title)\n        if self.driver.title == \"Your store. Login1\":\n            self.log.info(\"Test_Case test_verify_url_001 is passed\")\n            self.log.info(\"Taking screenshot\")\n            allure.attach(self.driver.get_screenshot_as_png(), name=\"test_verify_url_001-Pass\",\n                          attachment_type=AttachmentType.PNG)\n            self.driver.save_screenshot(\"..\\\\Screenshots\\\\test_verify_url_001_pass.png\")\n            assert True\n        else:\n            self.log.info(\"Test_Case test_verify_url_001 is failed\")\n            self.log.info(\"Taking screenshot\")\n            allure.attach(self.driver.get_screenshot_as_png(), name=\"test_verify_url_001-Fail\",\n                          attachment_type=AttachmentType.PNG)\n            self.driver.save_screenshot(\"..\\\\Screenshots\\\\test_verify_url_001_fail.png\")\n>           assert False\nE           assert False\n\ntestCases\\test_UserLogin.py:46: AssertionError"}, "description": "My test description", "attachments": [{"name": "test_verify_url_001-Fail", "source": "6e1cd4a3-d7b9-4c0f-a242-771458074b8c-attachment.png", "type": "image/png"}, {"name": "log", "source": "9f467b40-c0c5-4b52-b811-f36c381060c5-attachment.txt", "type": "text/plain"}, {"name": "stdout", "source": "6af27f37-28a9-4745-9b63-8c34d0c98714-attachment.txt", "type": "text/plain"}], "start": 1707013029871, "stop": 1707013030717, "uuid": "2170fb2e-38b8-4032-869b-1e7e266b5c17", "historyId": "830e02a940e52dea7aea02bc1d5db44b", "testCaseId": "830e02a940e52dea7aea02bc1d5db44b", "fullName": "testCases.test_UserLogin.Test_Login#test_verify_url_001", "labels": [{"name": "story", "value": "Verifying the page title"}, {"name": "severity", "value": "critical"}, {"name": "feature", "value": "page_title"}, {"name": "tag", "value": "sanity"}, {"name": "parentSuite", "value": "testCases"}, {"name": "suite", "value": "test_UserLogin"}, {"name": "subSuite", "value": "Test_Login"}, {"name": "host", "value": "Tushar-Pc"}, {"name": "thread", "value": "27788-MainThread"}, {"name": "framework", "value": "pytest"}, {"name": "language", "value": "cpython3"}, {"name": "package", "value": "testCases.test_UserLogin"}], "links": [{"type": "link", "url": "https://www.example.com", "name": "https://www.example.com"}, {"type": "link", "url": " https://admin-demo.nopcommerce.com/", "name": "Orange HRM Website"}, {"type": "issue", "url": "ABC-123", "name": "ABC-123"}]}